<?xml version="1.0" encoding="UTF-8" ?>
<testsuite tests="23" failures="2" name="utils.DynamicArrayListTest" time="0.024" errors="0" skipped="0">
  <properties>
    <property name="java.runtime.name" value="Java(TM) SE Runtime Environment"/>
    <property name="java.vm.version" value="18.0.2.1+1-1"/>
    <property name="sun.boot.library.path" value="C:\Program Files\Java\jdk-18.0.2.1\bin"/>
    <property name="maven.multiModuleProjectDirectory" value="C:\Users\princ\Dropbox\College\2022-2023\Semester 2\Data Structures\CA\Ongoing\Part 1\Specification\Part1_DynamicArrays"/>
    <property name="java.vm.vendor" value="Oracle Corporation"/>
    <property name="java.vendor.url" value="https://java.oracle.com/"/>
    <property name="guice.disable.misplaced.annotation.check" value="true"/>
    <property name="path.separator" value=";"/>
    <property name="java.vm.name" value="Java HotSpot(TM) 64-Bit Server VM"/>
    <property name="sun.os.patch.level" value=""/>
    <property name="user.script" value=""/>
    <property name="user.country" value="IE"/>
    <property name="sun.java.launcher" value="SUN_STANDARD"/>
    <property name="test" value="utils.DynamicArrayListTest"/>
    <property name="java.vm.specification.name" value="Java Virtual Machine Specification"/>
    <property name="user.dir" value="C:\Users\princ\Dropbox\College\2022-2023\Semester 2\Data Structures\CA\Ongoing\Part 1\Specification\Part1_DynamicArrays"/>
    <property name="java.vm.compressedOopsMode" value="Zero based"/>
    <property name="java.runtime.version" value="18.0.2.1+1-1"/>
    <property name="os.arch" value="amd64"/>
    <property name="java.io.tmpdir" value="C:\Users\princ\AppData\Local\Temp\"/>
    <property name="line.separator" value="
"/>
    <property name="java.vm.specification.vendor" value="Oracle Corporation"/>
    <property name="user.variant" value=""/>
    <property name="os.name" value="Windows 11"/>
    <property name="maven.ext.class.path" value="C:\Program Files\NetBeans-15\netbeans\java\maven-nblib\netbeans-eventspy.jar"/>
    <property name="classworlds.conf" value="C:\Program Files\NetBeans-15\netbeans\java\maven\bin\m2.conf"/>
    <property name="sun.jnu.encoding" value="Cp1252"/>
    <property name="java.library.path" value="C:\Program Files\Java\jdk-18.0.2.1\bin;C:\WINDOWS\Sun\Java\bin;C:\WINDOWS\system32;C:\WINDOWS;C:\Program Files\Python310\Scripts\;C:\Program Files\Python310\;C:\Program Files\Common Files\Oracle\Java\javapath;C:\WINDOWS\system32;C:\WINDOWS;C:\WINDOWS\System32\Wbem;C:\WINDOWS\System32\WindowsPowerShell\v1.0\;C:\WINDOWS\System32\OpenSSH\;C:\Program Files\Git\cmd;C:\Users\princ\AppData\Local\Microsoft\WindowsApps;;C:\Program Files\JetBrains\IntelliJ IDEA Educational Edition 2022.2.2\bin;;."/>
    <property name="maven.conf" value="C:\Program Files\NetBeans-15\netbeans\java\maven/conf"/>
    <property name="jdk.debug" value="release"/>
    <property name="java.class.version" value="62.0"/>
    <property name="java.specification.name" value="Java Platform API Specification"/>
    <property name="sun.management.compiler" value="HotSpot 64-Bit Tiered Compilers"/>
    <property name="os.version" value="10.0"/>
    <property name="library.jansi.path" value="C:\Program Files\NetBeans-15\netbeans\java\maven\lib\jansi-native"/>
    <property name="user.home" value="C:\Users\princ"/>
    <property name="user.timezone" value="Europe/Dublin"/>
    <property name="file.encoding" value="UTF-8"/>
    <property name="java.specification.version" value="18"/>
    <property name="user.name" value="michelle"/>
    <property name="java.class.path" value="C:\Program Files\NetBeans-15\netbeans\java\maven\boot\plexus-classworlds-2.6.0.jar"/>
    <property name="java.vm.specification.version" value="18"/>
    <property name="sun.arch.data.model" value="64"/>
    <property name="sun.java.command" value="org.codehaus.plexus.classworlds.launcher.Launcher -Dtest=utils.DynamicArrayListTest -Dmaven.ext.class.path=C:\Program Files\NetBeans-15\netbeans\java\maven-nblib\netbeans-eventspy.jar surefire:test"/>
    <property name="java.home" value="C:\Program Files\Java\jdk-18.0.2.1"/>
    <property name="user.language" value="en"/>
    <property name="java.specification.vendor" value="Oracle Corporation"/>
    <property name="java.vm.info" value="mixed mode, sharing"/>
    <property name="java.version" value="18.0.2.1"/>
    <property name="native.encoding" value="Cp1252"/>
    <property name="java.vendor" value="Oracle Corporation"/>
    <property name="maven.home" value="C:\Program Files\NetBeans-15\netbeans\java\maven"/>
    <property name="file.separator" value="\"/>
    <property name="java.version.date" value="2022-08-18"/>
    <property name="java.vendor.url.bug" value="https://bugreport.java.com/bugreport/"/>
    <property name="sun.io.unicode.encoding" value="UnicodeLittle"/>
    <property name="sun.cpu.endian" value="little"/>
    <property name="sun.cpu.isalist" value="amd64"/>
  </properties>
  <testcase classname="utils.DynamicArrayListTest" name="utils.DynamicArrayListTest.testParameterisedConstructor_InvalidValue_LessThanZero" time="0.005"/>
  <testcase classname="utils.DynamicArrayListTest" name="utils.DynamicArrayListTest.testParameterisedConstructor_InvalidValue_EqualToZero" time="0"/>
  <testcase classname="utils.DynamicArrayListTest" name="utils.DynamicArrayListTest.testSet_InvalidParameters_BreakingUpperBound_GreaterThanSize" time="0.001"/>
  <testcase classname="utils.DynamicArrayListTest" name="utils.DynamicArrayListTest.testSet_InvalidParameters_BreakingUpperBound_EqualToSize" time="0.001"/>
  <testcase classname="utils.DynamicArrayListTest" name="utils.DynamicArrayListTest.testSize_PopulatedList" time="0"/>
  <testcase classname="utils.DynamicArrayListTest" name="utils.DynamicArrayListTest.testGet_BreakingLowerBound" time="0.001"/>
  <testcase classname="utils.DynamicArrayListTest" name="utils.DynamicArrayListTest.testIndexOf_TextInList" time="0"/>
  <testcase classname="utils.DynamicArrayListTest" name="utils.DynamicArrayListTest.testIndexOf_TextNotInList" time="0"/>
  <testcase classname="utils.DynamicArrayListTest" name="utils.DynamicArrayListTest.testAdd_AddingTwoElements_String" time="0.001"/>
  <testcase classname="utils.DynamicArrayListTest" name="utils.DynamicArrayListTest.testAdd_GrowingSpace_String" time="0.005"/>
  <testcase classname="utils.DynamicArrayListTest" name="utils.DynamicArrayListTest.testSet_ValidParameters" time="0.007">
    <failure message="expected: &lt;First element&gt; but was: &lt;New first element&gt;" type="org.opentest4j.AssertionFailedError">org.opentest4j.AssertionFailedError: expected: &lt;First element&gt; but was: &lt;New first element&gt;
	at org.junit.jupiter.api.AssertionUtils.fail(AssertionUtils.java:55)
	at org.junit.jupiter.api.AssertionUtils.failNotEqual(AssertionUtils.java:62)
	at org.junit.jupiter.api.AssertEquals.assertEquals(AssertEquals.java:182)
	at org.junit.jupiter.api.AssertEquals.assertEquals(AssertEquals.java:177)
	at org.junit.jupiter.api.Assertions.assertEquals(Assertions.java:1124)
	at utils.DynamicArrayListTest.testSet_ValidParameters(DynamicArrayListTest.java:247)
</failure>
    <system-out>Testing set method with valid parameters
</system-out>
  </testcase>
  <testcase classname="utils.DynamicArrayListTest" name="utils.DynamicArrayListTest.testRemoveAll_RemovingOneInstance" time="0"/>
  <testcase classname="utils.DynamicArrayListTest" name="utils.DynamicArrayListTest.testIsEmpty_PopulatedList" time="0"/>
  <testcase classname="utils.DynamicArrayListTest" name="utils.DynamicArrayListTest.testGet_BreakingUpperBound_EqualToSize" time="0"/>
  <testcase classname="utils.DynamicArrayListTest" name="utils.DynamicArrayListTest.testRemoveAll_RemovingSomethingNotPresent" time="0"/>
  <testcase classname="utils.DynamicArrayListTest" name="utils.DynamicArrayListTest.testSet_InvalidParameters_BreakingLowerBound" time="0"/>
  <testcase classname="utils.DynamicArrayListTest" name="utils.DynamicArrayListTest.testParameterisedConstructor_ValidValue" time="0"/>
  <testcase classname="utils.DynamicArrayListTest" name="utils.DynamicArrayListTest.testRemoveAll_RemovingMultipleInstances" time="0.001">
    <failure message="expected: &lt;1&gt; but was: &lt;3&gt;" type="org.opentest4j.AssertionFailedError">org.opentest4j.AssertionFailedError: expected: &lt;1&gt; but was: &lt;3&gt;
	at org.junit.jupiter.api.AssertionUtils.fail(AssertionUtils.java:55)
	at org.junit.jupiter.api.AssertionUtils.failNotEqual(AssertionUtils.java:62)
	at org.junit.jupiter.api.AssertEquals.assertEquals(AssertEquals.java:150)
	at org.junit.jupiter.api.AssertEquals.assertEquals(AssertEquals.java:145)
	at org.junit.jupiter.api.Assertions.assertEquals(Assertions.java:510)
	at utils.DynamicArrayListTest.testRemoveAll_RemovingMultipleInstances(DynamicArrayListTest.java:370)
</failure>
    <system-out>Testing the removeAll method to remove something that appears multiple instances
</system-out>
  </testcase>
  <testcase classname="utils.DynamicArrayListTest" name="utils.DynamicArrayListTest.testGet_BreakingUpperBound_GreaterThanSize" time="0.001"/>
  <testcase classname="utils.DynamicArrayListTest" name="utils.DynamicArrayListTest.testSize_EmptyList" time="0"/>
  <testcase classname="utils.DynamicArrayListTest" name="utils.DynamicArrayListTest.testGet_ValidInput" time="0"/>
  <testcase classname="utils.DynamicArrayListTest" name="utils.DynamicArrayListTest.testAdd_String" time="0.001"/>
  <testcase classname="utils.DynamicArrayListTest" name="utils.DynamicArrayListTest.testIsEmpty" time="0"/>
</testsuite>